[W 00:04:02.114 NotebookApp] WARNING: The notebook server is listening on all IP addresses and not using encryption. This is not recommended.
[I 00:04:02.120 NotebookApp] Serving notebooks from local directory: /home/jun/projects/2048-Chainer
[I 00:04:02.120 NotebookApp] 0 active kernels
[I 00:04:02.120 NotebookApp] The Jupyter Notebook is running at:
[I 00:04:02.120 NotebookApp] http://[all ip addresses on your system]:3000/
[I 00:04:02.120 NotebookApp] Use Control-C to stop this server and shut down all kernels (twice to skip confirmation).
[W 00:04:03.226 NotebookApp] 404 GET /api/kernels/12d17899-cfa9-49c2-af17-711aba2d0aba/channels?session_id=bcc216b32715426e8577edb1096822eb (202.214.125.237): Kernel does not exist: 12d17899-cfa9-49c2-af17-711aba2d0aba
[W 00:04:03.245 NotebookApp] 404 GET /api/kernels/12d17899-cfa9-49c2-af17-711aba2d0aba/channels?session_id=bcc216b32715426e8577edb1096822eb (202.214.125.237) 27.70ms referer=None
[I 00:04:05.398 NotebookApp] Saving file at /Untitled.ipynb
[I 00:04:05.566 NotebookApp] Saving file at /Untitled.ipynb
[I 00:04:05.678 NotebookApp] Saving file at /Untitled.ipynb
[I 00:04:06.826 NotebookApp] Kernel started: 2f7fe392-7d7b-447b-bfbc-64a360b370ac
[I 00:04:07.212 NotebookApp] Adapting to protocol v5.1 for kernel 2f7fe392-7d7b-447b-bfbc-64a360b370ac
[I 00:06:08.089 NotebookApp] Saving file at /Untitled.ipynb
[I 00:20:53.078 NotebookApp] Saving file at /training.ipynb
[I 00:21:43.633 NotebookApp] Saving file at /training.ipynb
[I 00:21:46.910 NotebookApp] Starting buffering for 2f7fe392-7d7b-447b-bfbc-64a360b370ac:677d1f116e104148896dcd30c02a1815
[I 00:21:47.319 NotebookApp] Kernel shutdown: 2f7fe392-7d7b-447b-bfbc-64a360b370ac
[W 00:21:47.322 NotebookApp] 404 DELETE /api/sessions/315241e6-af0f-4756-b8a6-20c5d990bef3 (202.214.125.237): Session not found: session_id='315241e6-af0f-4756-b8a6-20c5d990bef3'
[W 00:21:47.322 NotebookApp] Session not found: session_id='315241e6-af0f-4756-b8a6-20c5d990bef3'
[W 00:21:47.322 NotebookApp] 404 DELETE /api/sessions/315241e6-af0f-4756-b8a6-20c5d990bef3 (202.214.125.237) 1.43ms referer=http://131.113.37.102:3000/notebooks/training.ipynb
[E 00:21:49.811 NotebookApp] Exception restarting kernel
    Traceback (most recent call last):
      File "/home/jun/.virtualenvs/chainer/lib/python3.4/site-packages/notebook/services/kernels/handlers.py", line 85, in post
        yield gen.maybe_future(km.restart_kernel(kernel_id))
      File "/home/jun/.virtualenvs/chainer/lib/python3.4/site-packages/notebook/services/kernels/kernelmanager.py", line 271, in restart_kernel
        self._check_kernel_id(kernel_id)
      File "/home/jun/.virtualenvs/chainer/lib/python3.4/site-packages/notebook/services/kernels/kernelmanager.py", line 350, in _check_kernel_id
        raise web.HTTPError(404, u'Kernel does not exist: %s' % kernel_id)
    tornado.web.HTTPError: HTTP 404: Not Found (Kernel does not exist: 2f7fe392-7d7b-447b-bfbc-64a360b370ac)
[E 00:21:49.813 NotebookApp] {
      "User-Agent": "Mozilla/5.0 (Macintosh; Intel Mac OS X 10_12_6) AppleWebKit/537.36 (KHTML, like Gecko) Chrome/65.0.3325.181 Safari/537.36",
      "X-Xsrftoken": "2|3955d3e2|170a3fb142ef7c7c449d26466721086c|1524376759",
      "Content-Length": "0",
      "Host": "131.113.37.102:3000",
      "Referer": "http://131.113.37.102:3000/notebooks/training.ipynb",
      "Cookie": "username-131-113-37-102-3001=2|1:0|10:1523164376|28:username-131-113-37-102-3001|48:NmY0OTNmNTItZmJhNS00NzZlLWJkOGEtY2NmMGUxMzA4YjBi|10205bd911f896891bf547f0bb2d4706c2221ea30a7636156d1931aa09686418; _xsrf=2|3955d3e2|170a3fb142ef7c7c449d26466721086c|1524376759; username-131-113-37-102-3000=\"2|1:0|10:1525014166|28:username-131-113-37-102-3000|44:ZDEwNDk5MTMwYjEyNDkxM2JkMThiN2M5MGFkZTg2OTY=|3de581a53c03b6eaf73ab833325a2330e1e86f348892d6c3e99582b11e4cff59\"",
      "Accept": "application/json, text/javascript, */*; q=0.01",
      "Accept-Encoding": "gzip, deflate",
      "X-Requested-With": "XMLHttpRequest",
      "Connection": "keep-alive",
      "Accept-Language": "en-US,en;q=0.9,ja;q=0.8,zh-TW;q=0.7,zh;q=0.6",
      "Origin": "http://131.113.37.102:3000"
    }
[E 00:21:49.813 NotebookApp] 500 POST /api/kernels/2f7fe392-7d7b-447b-bfbc-64a360b370ac/restart (202.214.125.237) 2.71ms referer=http://131.113.37.102:3000/notebooks/training.ipynb
[W 00:21:49.883 NotebookApp] 404 DELETE /api/sessions/315241e6-af0f-4756-b8a6-20c5d990bef3 (202.214.125.237): Session not found: session_id='315241e6-af0f-4756-b8a6-20c5d990bef3'
[W 00:21:49.884 NotebookApp] Session not found: session_id='315241e6-af0f-4756-b8a6-20c5d990bef3'
[W 00:21:49.884 NotebookApp] 404 DELETE /api/sessions/315241e6-af0f-4756-b8a6-20c5d990bef3 (202.214.125.237) 2.24ms referer=http://131.113.37.102:3000/notebooks/training.ipynb
[I 00:21:49.981 NotebookApp] Kernel started: c7e16bdb-9acf-432f-b433-a53455220ccf
[I 00:21:50.446 NotebookApp] Adapting to protocol v5.1 for kernel c7e16bdb-9acf-432f-b433-a53455220ccf
[I 00:21:51.603 NotebookApp] Saving file at /training.ipynb
[I 00:22:06.901 NotebookApp] Saving file at /training.ipynb
[I 00:24:06.870 NotebookApp] Saving file at /training.ipynb
[I 00:26:06.859 NotebookApp] Saving file at /training.ipynb
[I 00:28:06.868 NotebookApp] Saving file at /training.ipynb
[I 00:30:06.872 NotebookApp] Saving file at /training.ipynb
[I 00:32:06.871 NotebookApp] Saving file at /training.ipynb
[I 00:34:06.878 NotebookApp] Saving file at /training.ipynb
[I 00:36:06.877 NotebookApp] Saving file at /training.ipynb
[I 00:37:58.583 NotebookApp] Saving file at /training.ipynb
[I 00:37:58.796 NotebookApp] Saving file at /training.ipynb
[I 00:37:58.951 NotebookApp] Saving file at /training.ipynb
[I 00:39:04.666 NotebookApp] Saving file at /training.ipynb
[I 00:39:05.238 NotebookApp] Saving file at /training.ipynb
[I 00:39:07.945 NotebookApp] Starting buffering for c7e16bdb-9acf-432f-b433-a53455220ccf:677d1f116e104148896dcd30c02a1815
[I 00:39:08.265 NotebookApp] Kernel shutdown: c7e16bdb-9acf-432f-b433-a53455220ccf
[I 00:40:38.755 NotebookApp] Saving file at /training.ipynb
[E 00:40:43.749 NotebookApp] Exception restarting kernel
    Traceback (most recent call last):
      File "/home/jun/.virtualenvs/chainer/lib/python3.4/site-packages/notebook/services/kernels/handlers.py", line 85, in post
        yield gen.maybe_future(km.restart_kernel(kernel_id))
      File "/home/jun/.virtualenvs/chainer/lib/python3.4/site-packages/notebook/services/kernels/kernelmanager.py", line 271, in restart_kernel
        self._check_kernel_id(kernel_id)
      File "/home/jun/.virtualenvs/chainer/lib/python3.4/site-packages/notebook/services/kernels/kernelmanager.py", line 350, in _check_kernel_id
        raise web.HTTPError(404, u'Kernel does not exist: %s' % kernel_id)
    tornado.web.HTTPError: HTTP 404: Not Found (Kernel does not exist: c7e16bdb-9acf-432f-b433-a53455220ccf)
[E 00:40:43.750 NotebookApp] {
      "User-Agent": "Mozilla/5.0 (Macintosh; Intel Mac OS X 10_12_6) AppleWebKit/537.36 (KHTML, like Gecko) Chrome/65.0.3325.181 Safari/537.36",
      "X-Xsrftoken": "2|3955d3e2|170a3fb142ef7c7c449d26466721086c|1524376759",
      "Content-Length": "0",
      "Host": "131.113.37.102:3000",
      "Referer": "http://131.113.37.102:3000/notebooks/training.ipynb",
      "Cookie": "username-131-113-37-102-3001=2|1:0|10:1523164376|28:username-131-113-37-102-3001|48:NmY0OTNmNTItZmJhNS00NzZlLWJkOGEtY2NmMGUxMzA4YjBi|10205bd911f896891bf547f0bb2d4706c2221ea30a7636156d1931aa09686418; _xsrf=2|3955d3e2|170a3fb142ef7c7c449d26466721086c|1524376759; username-131-113-37-102-3000=\"2|1:0|10:1525014166|28:username-131-113-37-102-3000|44:ZDEwNDk5MTMwYjEyNDkxM2JkMThiN2M5MGFkZTg2OTY=|3de581a53c03b6eaf73ab833325a2330e1e86f348892d6c3e99582b11e4cff59\"",
      "Accept": "application/json, text/javascript, */*; q=0.01",
      "Accept-Encoding": "gzip, deflate",
      "X-Requested-With": "XMLHttpRequest",
      "Connection": "keep-alive",
      "Accept-Language": "en-US,en;q=0.9,ja;q=0.8,zh-TW;q=0.7,zh;q=0.6",
      "Origin": "http://131.113.37.102:3000"
    }
[E 00:40:43.750 NotebookApp] 500 POST /api/kernels/c7e16bdb-9acf-432f-b433-a53455220ccf/restart (202.214.125.237) 2.09ms referer=http://131.113.37.102:3000/notebooks/training.ipynb
[W 00:40:43.813 NotebookApp] 404 DELETE /api/sessions/2020c249-278c-44b8-bf47-ea1a29940597 (202.214.125.237): Session not found: session_id='2020c249-278c-44b8-bf47-ea1a29940597'
[W 00:40:43.813 NotebookApp] Session not found: session_id='2020c249-278c-44b8-bf47-ea1a29940597'
[W 00:40:43.814 NotebookApp] 404 DELETE /api/sessions/2020c249-278c-44b8-bf47-ea1a29940597 (202.214.125.237) 2.46ms referer=http://131.113.37.102:3000/notebooks/training.ipynb
[I 00:40:43.886 NotebookApp] Kernel started: d1905490-ecdb-4898-a5e0-5372ac12fd14
[I 00:40:44.351 NotebookApp] Adapting to protocol v5.1 for kernel d1905490-ecdb-4898-a5e0-5372ac12fd14
[I 00:42:07.302 NotebookApp] Saving file at /training.ipynb
[I 00:44:06.887 NotebookApp] Saving file at /training.ipynb
[I 00:46:06.923 NotebookApp] Saving file at /training.ipynb
[I 00:48:06.887 NotebookApp] Saving file at /training.ipynb
[I 00:49:57.921 NotebookApp] Saving file at /training.ipynb
[I 00:54:07.292 NotebookApp] Saving file at /training.ipynb
[I 00:58:07.326 NotebookApp] Saving file at /training.ipynb
[I 01:19:56.474 NotebookApp] Starting buffering for d1905490-ecdb-4898-a5e0-5372ac12fd14:677d1f116e104148896dcd30c02a1815
[I 01:19:56.791 NotebookApp] Kernel restarted: d1905490-ecdb-4898-a5e0-5372ac12fd14
[I 01:19:57.328 NotebookApp] Adapting to protocol v5.1 for kernel d1905490-ecdb-4898-a5e0-5372ac12fd14
[I 01:19:57.329 NotebookApp] Restoring connection for d1905490-ecdb-4898-a5e0-5372ac12fd14:677d1f116e104148896dcd30c02a1815
[I 01:19:57.330 NotebookApp] Replaying 3 buffered messages
[I 01:20:07.174 NotebookApp] Saving file at /training.ipynb
[IPKernelApp] WARNING | Parent appears to have exited, shutting down.
[W 11:16:08.480 NotebookApp] WARNING: The notebook server is listening on all IP addresses and not using encryption. This is not recommended.
[I 11:16:08.486 NotebookApp] Serving notebooks from local directory: /home/jun/projects/2048-Chainer
[I 11:16:08.486 NotebookApp] 0 active kernels
[I 11:16:08.486 NotebookApp] The Jupyter Notebook is running at:
[I 11:16:08.486 NotebookApp] http://[all ip addresses on your system]:3000/
[I 11:16:08.486 NotebookApp] Use Control-C to stop this server and shut down all kernels (twice to skip confirmation).
[I 11:16:12.838 NotebookApp] Kernel started: a9ca14ac-be9d-4dbd-a187-b3c207d37d7b
[I 11:16:13.213 NotebookApp] Adapting to protocol v5.1 for kernel a9ca14ac-be9d-4dbd-a187-b3c207d37d7b
[I 11:16:17.259 NotebookApp] Starting buffering for a9ca14ac-be9d-4dbd-a187-b3c207d37d7b:e4ee594957334315b8ed1502a8b58164
[I 11:16:17.472 NotebookApp] Kernel restarted: a9ca14ac-be9d-4dbd-a187-b3c207d37d7b
[I 11:16:17.913 NotebookApp] Adapting to protocol v5.1 for kernel a9ca14ac-be9d-4dbd-a187-b3c207d37d7b
[I 11:16:17.915 NotebookApp] Restoring connection for a9ca14ac-be9d-4dbd-a187-b3c207d37d7b:e4ee594957334315b8ed1502a8b58164
[I 11:16:17.915 NotebookApp] Replaying 3 buffered messages
[IPKernelApp] WARNING | Parent appears to have exited, shutting down.
[W 11:18:03.076 NotebookApp] WARNING: The notebook server is listening on all IP addresses and not using encryption. This is not recommended.
[I 11:18:03.082 NotebookApp] Serving notebooks from local directory: /home/jun/projects/2048-Chainer
[I 11:18:03.082 NotebookApp] 0 active kernels
[I 11:18:03.082 NotebookApp] The Jupyter Notebook is running at:
[I 11:18:03.082 NotebookApp] http://[all ip addresses on your system]:3000/
[I 11:18:03.082 NotebookApp] Use Control-C to stop this server and shut down all kernels (twice to skip confirmation).
[I 11:18:06.116 NotebookApp] Kernel started: 45822f06-081d-4110-b9a3-42c39904ea75
[I 11:18:06.504 NotebookApp] Adapting to protocol v5.1 for kernel 45822f06-081d-4110-b9a3-42c39904ea75
[I 11:18:24.744 NotebookApp] Starting buffering for 45822f06-081d-4110-b9a3-42c39904ea75:3883bc9bcc20445a9d5d302acc31414e
[I 11:18:25.640 NotebookApp] Adapting to protocol v5.1 for kernel 45822f06-081d-4110-b9a3-42c39904ea75
[IPKernelApp] WARNING | Parent appears to have exited, shutting down.
[W 11:19:11.372 NotebookApp] WARNING: The notebook server is listening on all IP addresses and not using encryption. This is not recommended.
[I 11:19:11.377 NotebookApp] Serving notebooks from local directory: /home/jun/projects/2048-Chainer
[I 11:19:11.378 NotebookApp] 0 active kernels
[I 11:19:11.378 NotebookApp] The Jupyter Notebook is running at:
[I 11:19:11.378 NotebookApp] http://[all ip addresses on your system]:3000/
[I 11:19:11.378 NotebookApp] Use Control-C to stop this server and shut down all kernels (twice to skip confirmation).
[W 11:19:40.487 NotebookApp] 404 GET /api/kernels/45822f06-081d-4110-b9a3-42c39904ea75/channels?session_id=7d6f270b1a5b489e8298d1875813a875 (122.255.241.92): Kernel does not exist: 45822f06-081d-4110-b9a3-42c39904ea75
[W 11:19:40.508 NotebookApp] 404 GET /api/kernels/45822f06-081d-4110-b9a3-42c39904ea75/channels?session_id=7d6f270b1a5b489e8298d1875813a875 (122.255.241.92) 30.38ms referer=None
[I 11:20:06.427 NotebookApp] Kernel started: 2e5f24c5-c9a5-4d74-a94a-8b624416c49e
[I 11:20:06.872 NotebookApp] Adapting to protocol v5.1 for kernel 2e5f24c5-c9a5-4d74-a94a-8b624416c49e
[I 11:22:06.490 NotebookApp] Saving file at /training.ipynb
[I 11:24:06.555 NotebookApp] Saving file at /training.ipynb
[I 11:26:06.517 NotebookApp] Saving file at /training.ipynb
[I 11:28:06.515 NotebookApp] Saving file at /training.ipynb
[I 11:30:06.523 NotebookApp] Saving file at /training.ipynb
[I 11:34:06.530 NotebookApp] Saving file at /training.ipynb
[I 11:40:06.651 NotebookApp] Saving file at /training.ipynb
[I 11:44:06.681 NotebookApp] Saving file at /training.ipynb
[I 11:46:06.599 NotebookApp] Saving file at /training.ipynb
[I 11:52:06.711 NotebookApp] Saving file at /training.ipynb
[I 11:56:06.614 NotebookApp] Saving file at /training.ipynb
[I 12:00:06.615 NotebookApp] Saving file at /training.ipynb
[I 12:04:06.797 NotebookApp] Saving file at /training.ipynb
[I 12:06:06.667 NotebookApp] Saving file at /training.ipynb
[I 12:10:06.635 NotebookApp] Saving file at /training.ipynb
[I 12:14:06.789 NotebookApp] Saving file at /training.ipynb
[I 12:16:06.755 NotebookApp] Saving file at /training.ipynb
[W 12:18:06.877 NotebookApp] WebSocket ping timeout after 119981 ms.
[I 12:18:11.891 NotebookApp] Starting buffering for 2e5f24c5-c9a5-4d74-a94a-8b624416c49e:f25b74d172194e2e8522efd6c18bb514
[I 14:11:24.402 NotebookApp] Adapting to protocol v5.1 for kernel 2e5f24c5-c9a5-4d74-a94a-8b624416c49e
[I 14:11:24.403 NotebookApp] Restoring connection for 2e5f24c5-c9a5-4d74-a94a-8b624416c49e:f25b74d172194e2e8522efd6c18bb514
[I 14:11:24.403 NotebookApp] Replaying 32 buffered messages
[I 14:12:36.980 NotebookApp] Saving file at /training.ipynb
[I 14:20:37.585 NotebookApp] Saving file at /training.ipynb
[I 14:28:37.755 NotebookApp] Saving file at /training.ipynb
[I 14:40:37.921 NotebookApp] Saving file at /training.ipynb
[I 14:42:38.641 NotebookApp] Saving file at /training.ipynb
[I 14:48:38.523 NotebookApp] Saving file at /training.ipynb
[I 15:02:38.291 NotebookApp] Saving file at /training.ipynb
[I 15:08:38.410 NotebookApp] Saving file at /training.ipynb
[I 15:20:38.972 NotebookApp] Saving file at /training.ipynb
[I 15:36:37.975 NotebookApp] Saving file at /training.ipynb
[I 15:48:37.982 NotebookApp] Saving file at /training.ipynb
[I 15:54:38.082 NotebookApp] Saving file at /training.ipynb
[I 16:04:37.904 NotebookApp] Saving file at /training.ipynb
[I 16:14:37.225 NotebookApp] Saving file at /training.ipynb
[I 16:26:41.430 NotebookApp] Saving file at /training.ipynb
[I 16:30:23.255 NotebookApp] 302 GET / (210.149.251.141) 0.81ms
[I 16:38:41.444 NotebookApp] Saving file at /training.ipynb
[I 16:50:37.915 NotebookApp] Saving file at /training.ipynb
[I 17:12:37.960 NotebookApp] Saving file at /training.ipynb
[W 17:20:24.419 NotebookApp] WebSocket ping timeout after 119848 ms.
[I 17:20:29.430 NotebookApp] Starting buffering for 2e5f24c5-c9a5-4d74-a94a-8b624416c49e:f25b74d172194e2e8522efd6c18bb514
[I 18:41:00.354 NotebookApp] 302 GET / (209.126.136.5) 0.69ms
[I 22:19:00.789 NotebookApp] Adapting to protocol v5.1 for kernel 2e5f24c5-c9a5-4d74-a94a-8b624416c49e
[I 22:19:00.789 NotebookApp] Restoring connection for 2e5f24c5-c9a5-4d74-a94a-8b624416c49e:f25b74d172194e2e8522efd6c18bb514
[I 22:19:00.789 NotebookApp] Replaying 32 buffered messages
[W 22:20:30.792 NotebookApp] WebSocket ping timeout after 90002 ms.
[I 22:20:35.805 NotebookApp] Starting buffering for 2e5f24c5-c9a5-4d74-a94a-8b624416c49e:f25b74d172194e2e8522efd6c18bb514
[I 00:19:14.565 NotebookApp] Adapting to protocol v5.1 for kernel 2e5f24c5-c9a5-4d74-a94a-8b624416c49e
[I 00:19:14.566 NotebookApp] Restoring connection for 2e5f24c5-c9a5-4d74-a94a-8b624416c49e:f25b74d172194e2e8522efd6c18bb514
[I 00:19:14.566 NotebookApp] Replaying 14 buffered messages
[I 00:19:27.306 NotebookApp] Saving file at /training.ipynb
[W 00:20:44.577 NotebookApp] WebSocket ping timeout after 90011 ms.
[I 00:20:49.584 NotebookApp] Starting buffering for 2e5f24c5-c9a5-4d74-a94a-8b624416c49e:f25b74d172194e2e8522efd6c18bb514
[I 00:28:45.152 NotebookApp] Adapting to protocol v5.1 for kernel 2e5f24c5-c9a5-4d74-a94a-8b624416c49e
[I 00:28:45.154 NotebookApp] Restoring connection for 2e5f24c5-c9a5-4d74-a94a-8b624416c49e:f25b74d172194e2e8522efd6c18bb514
[I 00:36:17.921 NotebookApp] Saving file at /training.ipynb
[I 00:52:17.946 NotebookApp] Saving file at /training.ipynb
[I 01:00:18.071 NotebookApp] Saving file at /training.ipynb
[I 01:14:17.983 NotebookApp] Saving file at /training.ipynb
[W 01:18:45.167 NotebookApp] WebSocket ping timeout after 119917 ms.
[I 01:18:50.177 NotebookApp] Starting buffering for 2e5f24c5-c9a5-4d74-a94a-8b624416c49e:f25b74d172194e2e8522efd6c18bb514
[I 01:25:18.652 NotebookApp] Adapting to protocol v5.1 for kernel 2e5f24c5-c9a5-4d74-a94a-8b624416c49e
[I 01:25:18.653 NotebookApp] Restoring connection for 2e5f24c5-c9a5-4d74-a94a-8b624416c49e:f25b74d172194e2e8522efd6c18bb514
[I 01:25:18.653 NotebookApp] Replaying 2 buffered messages
[I 01:25:43.952 NotebookApp] Saving file at /training.ipynb
[W 01:30:18.655 NotebookApp] WebSocket ping timeout after 119844 ms.
[I 01:30:23.668 NotebookApp] Starting buffering for 2e5f24c5-c9a5-4d74-a94a-8b624416c49e:f25b74d172194e2e8522efd6c18bb514
[I 01:39:11.603 NotebookApp] Adapting to protocol v5.1 for kernel 2e5f24c5-c9a5-4d74-a94a-8b624416c49e
[I 01:39:11.604 NotebookApp] Restoring connection for 2e5f24c5-c9a5-4d74-a94a-8b624416c49e:f25b74d172194e2e8522efd6c18bb514
[I 01:45:43.561 NotebookApp] Saving file at /training.ipynb
[W 01:50:11.616 NotebookApp] WebSocket ping timeout after 119848 ms.
[I 01:50:16.624 NotebookApp] Starting buffering for 2e5f24c5-c9a5-4d74-a94a-8b624416c49e:f25b74d172194e2e8522efd6c18bb514
[I 03:56:12.064 NotebookApp] Adapting to protocol v5.1 for kernel 2e5f24c5-c9a5-4d74-a94a-8b624416c49e
[I 03:56:12.066 NotebookApp] Restoring connection for 2e5f24c5-c9a5-4d74-a94a-8b624416c49e:f25b74d172194e2e8522efd6c18bb514
[I 03:56:12.066 NotebookApp] Replaying 8 buffered messages
[I 03:56:55.249 NotebookApp] Saving file at /training.ipynb
[I 03:58:54.962 NotebookApp] Saving file at /training.ipynb
[I 04:18:55.185 NotebookApp] Saving file at /training.ipynb
[W 04:34:42.073 NotebookApp] WebSocket ping timeout after 119972 ms.
[I 04:34:47.079 NotebookApp] Starting buffering for 2e5f24c5-c9a5-4d74-a94a-8b624416c49e:f25b74d172194e2e8522efd6c18bb514
[I 04:44:32.130 NotebookApp] Adapting to protocol v5.1 for kernel 2e5f24c5-c9a5-4d74-a94a-8b624416c49e
[I 04:44:32.131 NotebookApp] Restoring connection for 2e5f24c5-c9a5-4d74-a94a-8b624416c49e:f25b74d172194e2e8522efd6c18bb514
[W 04:50:02.140 NotebookApp] WebSocket ping timeout after 119753 ms.
[I 04:50:07.146 NotebookApp] Starting buffering for 2e5f24c5-c9a5-4d74-a94a-8b624416c49e:f25b74d172194e2e8522efd6c18bb514
[I 08:59:09.166 NotebookApp] 302 GET / (39.110.212.75) 1.00ms
[I 08:59:17.095 NotebookApp] 302 GET / (39.110.212.75) 0.78ms
[I 08:59:33.261 NotebookApp] Adapting to protocol v5.1 for kernel 2e5f24c5-c9a5-4d74-a94a-8b624416c49e
[I 08:59:33.265 NotebookApp] Discarding 18 buffered messages for 2e5f24c5-c9a5-4d74-a94a-8b624416c49e:f25b74d172194e2e8522efd6c18bb514
[I 08:59:52.856 NotebookApp] Starting buffering for 2e5f24c5-c9a5-4d74-a94a-8b624416c49e:a6238303a45e4c3aa8a29daa78f573f9
[I 14:37:42.208 NotebookApp] 302 GET / (39.110.212.75) 1.59ms
[I 14:37:45.482 NotebookApp] Adapting to protocol v5.1 for kernel 2e5f24c5-c9a5-4d74-a94a-8b624416c49e
[I 14:37:45.484 NotebookApp] Discarding 20 buffered messages for 2e5f24c5-c9a5-4d74-a94a-8b624416c49e:a6238303a45e4c3aa8a29daa78f573f9
[I 14:37:59.487 NotebookApp] Starting buffering for 2e5f24c5-c9a5-4d74-a94a-8b624416c49e:1a5475a7d0044085ae7dc4217e14f8dc
[I 14:38:04.711 NotebookApp] Kernel restarted: 2e5f24c5-c9a5-4d74-a94a-8b624416c49e
[I 14:38:05.527 NotebookApp] Kernel restarted: 2e5f24c5-c9a5-4d74-a94a-8b624416c49e
[I 14:38:05.552 NotebookApp] Adapting to protocol v5.1 for kernel 2e5f24c5-c9a5-4d74-a94a-8b624416c49e
[I 14:38:05.552 NotebookApp] Restoring connection for 2e5f24c5-c9a5-4d74-a94a-8b624416c49e:1a5475a7d0044085ae7dc4217e14f8dc
[I 14:38:06.058 NotebookApp] Starting buffering for 2e5f24c5-c9a5-4d74-a94a-8b624416c49e:1a5475a7d0044085ae7dc4217e14f8dc
[I 14:38:06.068 NotebookApp] Adapting to protocol v5.1 for kernel 2e5f24c5-c9a5-4d74-a94a-8b624416c49e
[I 14:38:06.068 NotebookApp] Restoring connection for 2e5f24c5-c9a5-4d74-a94a-8b624416c49e:1a5475a7d0044085ae7dc4217e14f8dc
[I 14:38:23.551 NotebookApp] Saving file at /training.ipynb
[I 14:39:46.353 NotebookApp] Saving file at /training.ipynb
[I 14:41:46.367 NotebookApp] Saving file at /training.ipynb
[I 14:57:45.447 NotebookApp] Saving file at /training.ipynb
[I 14:58:10.588 NotebookApp] Saving file at /training.ipynb
[I 14:58:10.798 NotebookApp] Saving file at /training.ipynb
[I 14:58:14.099 NotebookApp] Saving file at /training.ipynb
[I 14:58:14.284 NotebookApp] Saving file at /training.ipynb
[I 14:58:29.175 NotebookApp] Kernel interrupted: 2e5f24c5-c9a5-4d74-a94a-8b624416c49e
[I 14:58:33.756 NotebookApp] Starting buffering for 2e5f24c5-c9a5-4d74-a94a-8b624416c49e:1a5475a7d0044085ae7dc4217e14f8dc
[I 14:58:34.369 NotebookApp] Kernel restarted: 2e5f24c5-c9a5-4d74-a94a-8b624416c49e
[I 14:58:35.085 NotebookApp] Kernel restarted: 2e5f24c5-c9a5-4d74-a94a-8b624416c49e
[I 14:58:35.133 NotebookApp] Adapting to protocol v5.1 for kernel 2e5f24c5-c9a5-4d74-a94a-8b624416c49e
[I 14:58:35.133 NotebookApp] Restoring connection for 2e5f24c5-c9a5-4d74-a94a-8b624416c49e:1a5475a7d0044085ae7dc4217e14f8dc
[I 14:58:35.134 NotebookApp] Replaying 6 buffered messages
[I 14:58:35.607 NotebookApp] Starting buffering for 2e5f24c5-c9a5-4d74-a94a-8b624416c49e:1a5475a7d0044085ae7dc4217e14f8dc
[I 14:58:35.617 NotebookApp] Adapting to protocol v5.1 for kernel 2e5f24c5-c9a5-4d74-a94a-8b624416c49e
[I 14:58:35.618 NotebookApp] Restoring connection for 2e5f24c5-c9a5-4d74-a94a-8b624416c49e:1a5475a7d0044085ae7dc4217e14f8dc
[I 14:58:58.001 NotebookApp] Starting buffering for 2e5f24c5-c9a5-4d74-a94a-8b624416c49e:1a5475a7d0044085ae7dc4217e14f8dc
[I 14:58:58.558 NotebookApp] Adapting to protocol v5.1 for kernel 2e5f24c5-c9a5-4d74-a94a-8b624416c49e
[I 14:59:08.077 NotebookApp] Kernel interrupted: 2e5f24c5-c9a5-4d74-a94a-8b624416c49e
[I 14:59:09.801 NotebookApp] Starting buffering for 2e5f24c5-c9a5-4d74-a94a-8b624416c49e:55d43d72c5c440968b2604703d59f250
[I 14:59:10.414 NotebookApp] Kernel restarted: 2e5f24c5-c9a5-4d74-a94a-8b624416c49e
[I 14:59:11.032 NotebookApp] Kernel restarted: 2e5f24c5-c9a5-4d74-a94a-8b624416c49e
[I 14:59:11.055 NotebookApp] Adapting to protocol v5.1 for kernel 2e5f24c5-c9a5-4d74-a94a-8b624416c49e
[I 14:59:11.056 NotebookApp] Restoring connection for 2e5f24c5-c9a5-4d74-a94a-8b624416c49e:55d43d72c5c440968b2604703d59f250
[I 14:59:11.056 NotebookApp] Replaying 9 buffered messages
[I 14:59:11.408 NotebookApp] Starting buffering for 2e5f24c5-c9a5-4d74-a94a-8b624416c49e:55d43d72c5c440968b2604703d59f250
[I 14:59:11.419 NotebookApp] Adapting to protocol v5.1 for kernel 2e5f24c5-c9a5-4d74-a94a-8b624416c49e
[I 14:59:11.421 NotebookApp] Restoring connection for 2e5f24c5-c9a5-4d74-a94a-8b624416c49e:55d43d72c5c440968b2604703d59f250
[I 15:00:59.409 NotebookApp] Saving file at /training.ipynb
[I 15:02:59.409 NotebookApp] Saving file at /training.ipynb
[I 15:04:03.080 NotebookApp] Kernel interrupted: 2e5f24c5-c9a5-4d74-a94a-8b624416c49e
[I 15:04:21.374 NotebookApp] Kernel interrupted: 2e5f24c5-c9a5-4d74-a94a-8b624416c49e
[I 15:04:22.805 NotebookApp] Starting buffering for 2e5f24c5-c9a5-4d74-a94a-8b624416c49e:55d43d72c5c440968b2604703d59f250
[I 15:04:23.418 NotebookApp] Kernel restarted: 2e5f24c5-c9a5-4d74-a94a-8b624416c49e
[I 15:04:23.827 NotebookApp] Adapting to protocol v5.1 for kernel 2e5f24c5-c9a5-4d74-a94a-8b624416c49e
[I 15:04:23.828 NotebookApp] Restoring connection for 2e5f24c5-c9a5-4d74-a94a-8b624416c49e:55d43d72c5c440968b2604703d59f250
[I 15:04:23.828 NotebookApp] Replaying 6 buffered messages
[I 15:04:58.508 NotebookApp] Saving file at /training.ipynb
[I 15:06:58.501 NotebookApp] Saving file at /training.ipynb
[I 15:08:58.526 NotebookApp] Saving file at /training.ipynb
[I 15:14:59.376 NotebookApp] Saving file at /training.ipynb
[I 15:16:01.655 NotebookApp] Kernel interrupted: 2e5f24c5-c9a5-4d74-a94a-8b624416c49e
[I 15:16:01.923 NotebookApp] Kernel interrupted: 2e5f24c5-c9a5-4d74-a94a-8b624416c49e
[I 15:16:06.745 NotebookApp] Starting buffering for 2e5f24c5-c9a5-4d74-a94a-8b624416c49e:55d43d72c5c440968b2604703d59f250
[I 15:16:07.355 NotebookApp] Kernel restarted: 2e5f24c5-c9a5-4d74-a94a-8b624416c49e
[I 15:16:07.807 NotebookApp] Adapting to protocol v5.1 for kernel 2e5f24c5-c9a5-4d74-a94a-8b624416c49e
[I 15:16:07.808 NotebookApp] Restoring connection for 2e5f24c5-c9a5-4d74-a94a-8b624416c49e:55d43d72c5c440968b2604703d59f250
[I 15:16:07.808 NotebookApp] Replaying 3 buffered messages
[I 15:16:59.389 NotebookApp] Saving file at /training.ipynb
[W 15:19:07.810 NotebookApp] WebSocket ping timeout after 119994 ms.
[I 15:19:12.823 NotebookApp] Starting buffering for 2e5f24c5-c9a5-4d74-a94a-8b624416c49e:55d43d72c5c440968b2604703d59f250
[I 15:51:51.978 NotebookApp] Kernel interrupted: 2e5f24c5-c9a5-4d74-a94a-8b624416c49e
[I 15:51:52.159 NotebookApp] Kernel interrupted: 2e5f24c5-c9a5-4d74-a94a-8b624416c49e
[I 15:51:58.148 NotebookApp] Saving file at /training.ipynb
[I 15:51:58.280 NotebookApp] Saving file at /training.ipynb
[I 15:51:58.790 NotebookApp] Kernel interrupted: 2e5f24c5-c9a5-4d74-a94a-8b624416c49e
[I 15:52:05.948 NotebookApp] Kernel restarted: 2e5f24c5-c9a5-4d74-a94a-8b624416c49e
[I 15:52:05.956 NotebookApp] Kernel interrupted: 2e5f24c5-c9a5-4d74-a94a-8b624416c49e
Failed to import the site module
Traceback (most recent call last):
  File "/home/jun/.virtualenvs/chainer/lib/python3.4/site.py", line 703, in <module>
    main()
  File "/home/jun/.virtualenvs/chainer/lib/python3.4/site.py", line 683, in main
    paths_in_sys = addsitepackages(paths_in_sys)
  File "/home/jun/.virtualenvs/chainer/lib/python3.4/site.py", line 282, in addsitepackages
    addsitedir(sitedir, known_paths)
  File "/home/jun/.virtualenvs/chainer/lib/python3.4/site.py", line 204, in addsitedir
    addpackage(sitedir, name, known_paths)
  File "/home/jun/.virtualenvs/chainer/lib/python3.4/site.py", line 173, in addpackage
    exec(line)
  File "<string>", line 1, in <module>
KeyboardInterrupt
[I 15:52:06.063 NotebookApp] Kernel restarted: 2e5f24c5-c9a5-4d74-a94a-8b624416c49e
[I 15:52:06.068 NotebookApp] Saving file at /training.ipynb
[I 15:52:06.530 NotebookApp] Adapting to protocol v5.1 for kernel 2e5f24c5-c9a5-4d74-a94a-8b624416c49e
[I 15:52:06.530 NotebookApp] Restoring connection for 2e5f24c5-c9a5-4d74-a94a-8b624416c49e:55d43d72c5c440968b2604703d59f250
[I 15:52:06.530 NotebookApp] Replaying 6 buffered messages
[W 15:52:06.558 NotebookApp] Replacing stale connection: 2e5f24c5-c9a5-4d74-a94a-8b624416c49e:55d43d72c5c440968b2604703d59f250
[I 15:52:06.564 NotebookApp] Starting buffering for 2e5f24c5-c9a5-4d74-a94a-8b624416c49e:55d43d72c5c440968b2604703d59f250
[I 15:52:06.564 NotebookApp] Adapting to protocol v5.1 for kernel 2e5f24c5-c9a5-4d74-a94a-8b624416c49e
[I 15:52:06.564 NotebookApp] Restoring connection for 2e5f24c5-c9a5-4d74-a94a-8b624416c49e:55d43d72c5c440968b2604703d59f250
[I 15:52:44.837 NotebookApp] Saving file at /training.ipynb
[I 15:54:44.842 NotebookApp] Saving file at /training.ipynb
[I 15:55:11.239 NotebookApp] Kernel interrupted: 2e5f24c5-c9a5-4d74-a94a-8b624416c49e
[I 15:56:44.831 NotebookApp] Saving file at /training.ipynb
[I 15:58:44.861 NotebookApp] Saving file at /training.ipynb
[I 16:00:56.849 NotebookApp] Saving file at /training.ipynb
[I 16:01:08.625 NotebookApp] Saving file at /training.ipynb
[I 16:02:30.143 NotebookApp] Kernel interrupted: 2e5f24c5-c9a5-4d74-a94a-8b624416c49e
[I 16:02:43.962 NotebookApp] Saving file at /training.ipynb
[I 16:06:44.848 NotebookApp] Saving file at /training.ipynb
[I 16:08:44.892 NotebookApp] Saving file at /training.ipynb
[I 16:10:44.882 NotebookApp] Saving file at /training.ipynb
[I 16:12:44.856 NotebookApp] Saving file at /training.ipynb
[I 16:14:20.305 NotebookApp] Kernel interrupted: 2e5f24c5-c9a5-4d74-a94a-8b624416c49e
[I 16:14:43.988 NotebookApp] Saving file at /training.ipynb
[IPKernelApp] WARNING | No such comm: eabfccf7fa3c42998526d876e8861ca0
[IPKernelApp] WARNING | No such comm: eabfccf7fa3c42998526d876e8861ca0
[IPKernelApp] WARNING | No such comm: eabfccf7fa3c42998526d876e8861ca0
[IPKernelApp] WARNING | No such comm: eabfccf7fa3c42998526d876e8861ca0
[IPKernelApp] WARNING | No such comm: eabfccf7fa3c42998526d876e8861ca0
[IPKernelApp] WARNING | No such comm: eabfccf7fa3c42998526d876e8861ca0
[IPKernelApp] WARNING | No such comm: fc122b0fd62f4a378e0f32a599a8c4ee
[IPKernelApp] WARNING | No such comm: fc122b0fd62f4a378e0f32a599a8c4ee
[IPKernelApp] WARNING | No such comm: fc122b0fd62f4a378e0f32a599a8c4ee
[IPKernelApp] WARNING | No such comm: fc122b0fd62f4a378e0f32a599a8c4ee
[IPKernelApp] WARNING | No such comm: fc122b0fd62f4a378e0f32a599a8c4ee
[IPKernelApp] WARNING | No such comm: eabfccf7fa3c42998526d876e8861ca0
[IPKernelApp] WARNING | No such comm: fc122b0fd62f4a378e0f32a599a8c4ee
[IPKernelApp] WARNING | No such comm: eabfccf7fa3c42998526d876e8861ca0
[IPKernelApp] WARNING | No such comm: 5764e0bac187404eba2e8157a5ed84bb
[IPKernelApp] WARNING | No such comm: 5764e0bac187404eba2e8157a5ed84bb
[IPKernelApp] WARNING | No such comm: 5764e0bac187404eba2e8157a5ed84bb
[IPKernelApp] WARNING | No such comm: 5764e0bac187404eba2e8157a5ed84bb
[IPKernelApp] WARNING | No such comm: 5764e0bac187404eba2e8157a5ed84bb
[IPKernelApp] WARNING | No such comm: 5764e0bac187404eba2e8157a5ed84bb
[IPKernelApp] WARNING | No such comm: 1ac1a9118c0443fe861a11df39bd1a73
[IPKernelApp] WARNING | No such comm: 1ac1a9118c0443fe861a11df39bd1a73
[IPKernelApp] WARNING | No such comm: 1ac1a9118c0443fe861a11df39bd1a73
[IPKernelApp] WARNING | No such comm: 1ac1a9118c0443fe861a11df39bd1a73
[IPKernelApp] WARNING | No such comm: 5764e0bac187404eba2e8157a5ed84bb
[IPKernelApp] WARNING | No such comm: 1ac1a9118c0443fe861a11df39bd1a73
[IPKernelApp] WARNING | No such comm: 5764e0bac187404eba2e8157a5ed84bb
[IPKernelApp] WARNING | No such comm: 1ac1a9118c0443fe861a11df39bd1a73
[IPKernelApp] WARNING | No such comm: 28f29dd372b84190bc91b85a24d039f6
[IPKernelApp] WARNING | No such comm: 28f29dd372b84190bc91b85a24d039f6
[IPKernelApp] WARNING | No such comm: 28f29dd372b84190bc91b85a24d039f6
[IPKernelApp] WARNING | No such comm: 28f29dd372b84190bc91b85a24d039f6
[IPKernelApp] WARNING | No such comm: 28f29dd372b84190bc91b85a24d039f6
[IPKernelApp] WARNING | No such comm: 28f29dd372b84190bc91b85a24d039f6
[IPKernelApp] WARNING | No such comm: b0a21b334688411b8342ef7bb787cd64
[IPKernelApp] WARNING | No such comm: b0a21b334688411b8342ef7bb787cd64
[IPKernelApp] WARNING | No such comm: b0a21b334688411b8342ef7bb787cd64
[IPKernelApp] WARNING | No such comm: b0a21b334688411b8342ef7bb787cd64
[IPKernelApp] WARNING | No such comm: b0a21b334688411b8342ef7bb787cd64
[IPKernelApp] WARNING | No such comm: 28f29dd372b84190bc91b85a24d039f6
[IPKernelApp] WARNING | No such comm: b0a21b334688411b8342ef7bb787cd64
[IPKernelApp] WARNING | No such comm: 28f29dd372b84190bc91b85a24d039f6
[IPKernelApp] WARNING | No such comm: 240382137f284ac4b51f8e73cd6fb977
[IPKernelApp] WARNING | No such comm: 240382137f284ac4b51f8e73cd6fb977
[IPKernelApp] WARNING | No such comm: 240382137f284ac4b51f8e73cd6fb977
[IPKernelApp] WARNING | No such comm: 240382137f284ac4b51f8e73cd6fb977
[IPKernelApp] WARNING | No such comm: 240382137f284ac4b51f8e73cd6fb977
[IPKernelApp] WARNING | No such comm: 240382137f284ac4b51f8e73cd6fb977
[IPKernelApp] WARNING | No such comm: 04edb7a53231455bb2e6851104297e0f
[IPKernelApp] WARNING | No such comm: 04edb7a53231455bb2e6851104297e0f
[IPKernelApp] WARNING | No such comm: 04edb7a53231455bb2e6851104297e0f
[IPKernelApp] WARNING | No such comm: 04edb7a53231455bb2e6851104297e0f
[IPKernelApp] WARNING | No such comm: 04edb7a53231455bb2e6851104297e0f
[IPKernelApp] WARNING | No such comm: 240382137f284ac4b51f8e73cd6fb977
[IPKernelApp] WARNING | No such comm: 04edb7a53231455bb2e6851104297e0f
[IPKernelApp] WARNING | No such comm: 240382137f284ac4b51f8e73cd6fb977
[IPKernelApp] WARNING | No such comm: 4c2e0ba5776944bb8f8132b2a0cfc6e6
[IPKernelApp] WARNING | No such comm: 4c2e0ba5776944bb8f8132b2a0cfc6e6
[IPKernelApp] WARNING | No such comm: 4c2e0ba5776944bb8f8132b2a0cfc6e6
[IPKernelApp] WARNING | No such comm: 4c2e0ba5776944bb8f8132b2a0cfc6e6
[IPKernelApp] WARNING | No such comm: 4c2e0ba5776944bb8f8132b2a0cfc6e6
[IPKernelApp] WARNING | No such comm: 4c2e0ba5776944bb8f8132b2a0cfc6e6
[IPKernelApp] WARNING | No such comm: ea80db1f3ee149ae8f7674bfd7711906
[IPKernelApp] WARNING | No such comm: ea80db1f3ee149ae8f7674bfd7711906
[IPKernelApp] WARNING | No such comm: ea80db1f3ee149ae8f7674bfd7711906
[IPKernelApp] WARNING | No such comm: ea80db1f3ee149ae8f7674bfd7711906
[IPKernelApp] WARNING | No such comm: 4c2e0ba5776944bb8f8132b2a0cfc6e6
[IPKernelApp] WARNING | No such comm: ea80db1f3ee149ae8f7674bfd7711906
[IPKernelApp] WARNING | No such comm: 4c2e0ba5776944bb8f8132b2a0cfc6e6
[IPKernelApp] WARNING | No such comm: ea80db1f3ee149ae8f7674bfd7711906
[I 16:16:44.001 NotebookApp] Saving file at /training.ipynb
[IPKernelApp] WARNING | No such comm: 598e062d39e949b29581831fe50092ff
[IPKernelApp] WARNING | No such comm: 598e062d39e949b29581831fe50092ff
[IPKernelApp] WARNING | No such comm: 598e062d39e949b29581831fe50092ff
[IPKernelApp] WARNING | No such comm: 598e062d39e949b29581831fe50092ff
[IPKernelApp] WARNING | No such comm: 598e062d39e949b29581831fe50092ff
[IPKernelApp] WARNING | No such comm: 598e062d39e949b29581831fe50092ff
[IPKernelApp] WARNING | No such comm: b1ce7c8359944eb8a649dc290b25ac78
[IPKernelApp] WARNING | No such comm: b1ce7c8359944eb8a649dc290b25ac78
[IPKernelApp] WARNING | No such comm: b1ce7c8359944eb8a649dc290b25ac78
[IPKernelApp] WARNING | No such comm: b1ce7c8359944eb8a649dc290b25ac78
[IPKernelApp] WARNING | No such comm: b1ce7c8359944eb8a649dc290b25ac78
[IPKernelApp] WARNING | No such comm: 598e062d39e949b29581831fe50092ff
[IPKernelApp] WARNING | No such comm: b1ce7c8359944eb8a649dc290b25ac78
[IPKernelApp] WARNING | No such comm: 598e062d39e949b29581831fe50092ff
[IPKernelApp] WARNING | No such comm: fe4514ed5a9340ce9d673689dc72a9cc
[IPKernelApp] WARNING | No such comm: fe4514ed5a9340ce9d673689dc72a9cc
[IPKernelApp] WARNING | No such comm: fe4514ed5a9340ce9d673689dc72a9cc
[IPKernelApp] WARNING | No such comm: fe4514ed5a9340ce9d673689dc72a9cc
[IPKernelApp] WARNING | No such comm: fe4514ed5a9340ce9d673689dc72a9cc
[IPKernelApp] WARNING | No such comm: fe4514ed5a9340ce9d673689dc72a9cc
[IPKernelApp] WARNING | No such comm: e855f000373947788f0b7709af4bb7cf
[IPKernelApp] WARNING | No such comm: e855f000373947788f0b7709af4bb7cf
[IPKernelApp] WARNING | No such comm: e855f000373947788f0b7709af4bb7cf
[IPKernelApp] WARNING | No such comm: e855f000373947788f0b7709af4bb7cf
[IPKernelApp] WARNING | No such comm: e855f000373947788f0b7709af4bb7cf
[IPKernelApp] WARNING | No such comm: fe4514ed5a9340ce9d673689dc72a9cc
[IPKernelApp] WARNING | No such comm: e855f000373947788f0b7709af4bb7cf
[IPKernelApp] WARNING | No such comm: fe4514ed5a9340ce9d673689dc72a9cc
[I 16:19:47.866 NotebookApp] Kernel interrupted: 2e5f24c5-c9a5-4d74-a94a-8b624416c49e
[I 16:19:48.196 NotebookApp] Kernel interrupted: 2e5f24c5-c9a5-4d74-a94a-8b624416c49e
[I 16:20:08.938 NotebookApp] Saving file at /training.ipynb
[I 16:20:11.469 NotebookApp] Starting buffering for 2e5f24c5-c9a5-4d74-a94a-8b624416c49e:55d43d72c5c440968b2604703d59f250
[I 16:20:11.980 NotebookApp] Kernel restarted: 2e5f24c5-c9a5-4d74-a94a-8b624416c49e
[I 16:20:12.458 NotebookApp] Adapting to protocol v5.1 for kernel 2e5f24c5-c9a5-4d74-a94a-8b624416c49e
[I 16:20:12.459 NotebookApp] Restoring connection for 2e5f24c5-c9a5-4d74-a94a-8b624416c49e:55d43d72c5c440968b2604703d59f250
[I 16:20:12.459 NotebookApp] Replaying 6 buffered messages
[I 16:20:15.933 NotebookApp] Kernel interrupted: 2e5f24c5-c9a5-4d74-a94a-8b624416c49e
[I 16:20:17.848 NotebookApp] Starting buffering for 2e5f24c5-c9a5-4d74-a94a-8b624416c49e:55d43d72c5c440968b2604703d59f250
[I 16:20:18.256 NotebookApp] Kernel restarted: 2e5f24c5-c9a5-4d74-a94a-8b624416c49e
[I 16:20:18.798 NotebookApp] Adapting to protocol v5.1 for kernel 2e5f24c5-c9a5-4d74-a94a-8b624416c49e
[I 16:20:18.799 NotebookApp] Restoring connection for 2e5f24c5-c9a5-4d74-a94a-8b624416c49e:55d43d72c5c440968b2604703d59f250
[I 16:20:18.800 NotebookApp] Replaying 5 buffered messages
[I 16:20:44.853 NotebookApp] Saving file at /training.ipynb
[I 16:22:44.867 NotebookApp] Saving file at /training.ipynb
[I 16:24:44.874 NotebookApp] Saving file at /training.ipynb
[I 16:26:44.878 NotebookApp] Saving file at /training.ipynb
[I 16:28:10.079 NotebookApp] Kernel interrupted: 2e5f24c5-c9a5-4d74-a94a-8b624416c49e
[I 16:28:10.231 NotebookApp] Kernel interrupted: 2e5f24c5-c9a5-4d74-a94a-8b624416c49e
ERROR:tornado.general:Uncaught exception in ZMQStream callback
Traceback (most recent call last):
  File "/home/jun/.virtualenvs/chainer/lib/python3.4/site-packages/zmq/eventloop/zmqstream.py", line 432, in _run_callback
    callback(*args, **kwargs)
  File "/home/jun/.virtualenvs/chainer/lib/python3.4/site-packages/tornado/stack_context.py", line 276, in null_wrapper
    return fn(*args, **kwargs)
  File "/home/jun/.virtualenvs/chainer/lib/python3.4/site-packages/ipykernel/kernelbase.py", line 283, in dispatcher
    return self.dispatch_shell(stream, msg)
  File "/home/jun/.virtualenvs/chainer/lib/python3.4/site-packages/ipykernel/kernelbase.py", line 233, in dispatch_shell
    handler(stream, idents, msg)
  File "/home/jun/.virtualenvs/chainer/lib/python3.4/site-packages/ipykernel/kernelbase.py", line 421, in execute_request
    self._abort_queues()
  File "/home/jun/.virtualenvs/chainer/lib/python3.4/site-packages/ipykernel/kernelbase.py", line 636, in _abort_queues
    self._abort_queue(stream)
  File "/home/jun/.virtualenvs/chainer/lib/python3.4/site-packages/ipykernel/kernelbase.py", line 661, in _abort_queue
    poller.poll(50)
  File "/home/jun/.virtualenvs/chainer/lib/python3.4/site-packages/zmq/sugar/poll.py", line 99, in poll
    return zmq_poll(self.sockets, timeout=timeout)
  File "zmq/backend/cython/_poll.pyx", line 123, in zmq.backend.cython._poll.zmq_poll
  File "zmq/backend/cython/checkrc.pxd", line 12, in zmq.backend.cython.checkrc._check_rc
KeyboardInterrupt
[I 16:28:12.114 NotebookApp] Starting buffering for 2e5f24c5-c9a5-4d74-a94a-8b624416c49e:55d43d72c5c440968b2604703d59f250
[I 16:28:12.121 NotebookApp] Kernel restarted: 2e5f24c5-c9a5-4d74-a94a-8b624416c49e
[I 16:28:12.606 NotebookApp] Adapting to protocol v5.1 for kernel 2e5f24c5-c9a5-4d74-a94a-8b624416c49e
[I 16:28:12.607 NotebookApp] Restoring connection for 2e5f24c5-c9a5-4d74-a94a-8b624416c49e:55d43d72c5c440968b2604703d59f250
[I 16:28:18.941 NotebookApp] Saving file at /training.ipynb
[I 16:28:19.154 NotebookApp] Saving file at /training.ipynb
[I 16:28:21.942 NotebookApp] Starting buffering for 2e5f24c5-c9a5-4d74-a94a-8b624416c49e:55d43d72c5c440968b2604703d59f250
[I 16:28:22.151 NotebookApp] Kernel restarted: 2e5f24c5-c9a5-4d74-a94a-8b624416c49e
[I 16:28:22.623 NotebookApp] Adapting to protocol v5.1 for kernel 2e5f24c5-c9a5-4d74-a94a-8b624416c49e
[I 16:28:22.625 NotebookApp] Restoring connection for 2e5f24c5-c9a5-4d74-a94a-8b624416c49e:55d43d72c5c440968b2604703d59f250
[I 16:28:22.625 NotebookApp] Replaying 3 buffered messages
[I 16:28:44.858 NotebookApp] Saving file at /training.ipynb
[I 16:30:44.883 NotebookApp] Saving file at /training.ipynb
[I 16:32:43.989 NotebookApp] Saving file at /training.ipynb
[I 16:34:44.878 NotebookApp] Saving file at /training.ipynb
[I 16:36:44.867 NotebookApp] Saving file at /training.ipynb
[I 16:38:44.011 NotebookApp] Saving file at /training.ipynb
[W 16:41:22.628 NotebookApp] WebSocket ping timeout after 119992 ms.
[I 16:41:27.641 NotebookApp] Starting buffering for 2e5f24c5-c9a5-4d74-a94a-8b624416c49e:55d43d72c5c440968b2604703d59f250
[I 16:50:53.336 NotebookApp] Adapting to protocol v5.1 for kernel 2e5f24c5-c9a5-4d74-a94a-8b624416c49e
[I 16:50:53.337 NotebookApp] Discarding 10 buffered messages for 2e5f24c5-c9a5-4d74-a94a-8b624416c49e:55d43d72c5c440968b2604703d59f250
[I 16:51:08.769 NotebookApp] Kernel interrupted: 2e5f24c5-c9a5-4d74-a94a-8b624416c49e
[I 16:51:10.480 NotebookApp] Starting buffering for 2e5f24c5-c9a5-4d74-a94a-8b624416c49e:ae71ea29837b495198005c21c1326135
[I 16:51:11.093 NotebookApp] Kernel restarted: 2e5f24c5-c9a5-4d74-a94a-8b624416c49e
[I 16:51:11.551 NotebookApp] Adapting to protocol v5.1 for kernel 2e5f24c5-c9a5-4d74-a94a-8b624416c49e
[I 16:51:11.552 NotebookApp] Restoring connection for 2e5f24c5-c9a5-4d74-a94a-8b624416c49e:ae71ea29837b495198005c21c1326135
[I 16:51:11.552 NotebookApp] Replaying 3 buffered messages
[I 16:52:53.472 NotebookApp] Saving file at /training.ipynb
[I 16:54:53.471 NotebookApp] Saving file at /training.ipynb
[I 16:56:53.480 NotebookApp] Saving file at /training.ipynb
[I 16:58:53.486 NotebookApp] Saving file at /training.ipynb
[I 17:00:53.494 NotebookApp] Saving file at /training.ipynb
[I 17:02:53.526 NotebookApp] Saving file at /training.ipynb
[I 17:04:53.509 NotebookApp] Saving file at /training.ipynb
[I 17:06:53.516 NotebookApp] Saving file at /training.ipynb
[I 17:08:53.519 NotebookApp] Saving file at /training.ipynb
[I 17:10:53.525 NotebookApp] Saving file at /training.ipynb
[I 17:12:53.514 NotebookApp] Saving file at /training.ipynb
[I 17:16:53.535 NotebookApp] Saving file at /training.ipynb
[I 17:18:53.519 NotebookApp] Saving file at /training.ipynb
[I 17:19:56.736 NotebookApp] 302 GET / (169.54.244.93) 0.86ms
[I 17:22:53.560 NotebookApp] Saving file at /training.ipynb
[I 17:24:53.544 NotebookApp] Saving file at /training.ipynb
[I 17:26:53.562 NotebookApp] Saving file at /training.ipynb
[I 17:28:53.569 NotebookApp] Saving file at /training.ipynb
[I 17:30:53.618 NotebookApp] Saving file at /training.ipynb
[I 17:34:53.569 NotebookApp] Saving file at /training.ipynb
[I 17:38:53.596 NotebookApp] Saving file at /training.ipynb
[I 17:42:53.574 NotebookApp] Saving file at /training.ipynb
[I 17:46:53.561 NotebookApp] Saving file at /training.ipynb
[I 17:50:53.564 NotebookApp] Saving file at /training.ipynb
[I 17:54:53.592 NotebookApp] Saving file at /training.ipynb
[I 18:00:53.633 NotebookApp] Saving file at /training.ipynb
[I 18:02:53.698 NotebookApp] Saving file at /training.ipynb
[I 18:06:53.600 NotebookApp] Saving file at /training.ipynb
[I 18:08:53.614 NotebookApp] Saving file at /training.ipynb
[W 18:12:11.555 NotebookApp] WebSocket ping timeout after 119993 ms.
[I 18:12:16.569 NotebookApp] Starting buffering for 2e5f24c5-c9a5-4d74-a94a-8b624416c49e:ae71ea29837b495198005c21c1326135
[I 03:35:10.680 NotebookApp] Adapting to protocol v5.1 for kernel 2e5f24c5-c9a5-4d74-a94a-8b624416c49e
[I 03:35:10.682 NotebookApp] Restoring connection for 2e5f24c5-c9a5-4d74-a94a-8b624416c49e:ae71ea29837b495198005c21c1326135
[I 03:35:10.682 NotebookApp] Replaying 104 buffered messages
[W 03:36:40.695 NotebookApp] WebSocket ping timeout after 90013 ms.
[I 03:36:45.705 NotebookApp] Starting buffering for 2e5f24c5-c9a5-4d74-a94a-8b624416c49e:ae71ea29837b495198005c21c1326135
[I 05:36:24.974 NotebookApp] Saving file at /training.ipynb
[I 06:11:39.659 NotebookApp] 302 GET / (196.52.43.92) 0.43ms
[I 09:04:10.939 NotebookApp] Adapting to protocol v5.1 for kernel 2e5f24c5-c9a5-4d74-a94a-8b624416c49e
[I 09:04:10.940 NotebookApp] Restoring connection for 2e5f24c5-c9a5-4d74-a94a-8b624416c49e:ae71ea29837b495198005c21c1326135
[I 09:04:10.940 NotebookApp] Replaying 36 buffered messages
[I 09:04:34.149 NotebookApp] Saving file at /training.ipynb
[I 09:16:34.219 NotebookApp] Saving file at /training.ipynb
[I 09:30:34.166 NotebookApp] Saving file at /training.ipynb
[I 09:55:45.561 NotebookApp] 302 GET / (39.110.212.75) 0.72ms
[I 09:55:51.313 NotebookApp] 302 GET / (39.110.212.75) 0.73ms
[I 09:56:05.094 NotebookApp] KernelRestarter: restarting kernel (1/5), keep random ports
WARNING:root:kernel 2e5f24c5-c9a5-4d74-a94a-8b624416c49e restarted
[W 11:44:10.955 NotebookApp] WebSocket ping timeout after 119962 ms.
[I 11:44:15.965 NotebookApp] Starting buffering for 2e5f24c5-c9a5-4d74-a94a-8b624416c49e:ae71ea29837b495198005c21c1326135
[I 11:58:14.109 NotebookApp] Adapting to protocol v5.1 for kernel 2e5f24c5-c9a5-4d74-a94a-8b624416c49e
[I 11:58:14.110 NotebookApp] Restoring connection for 2e5f24c5-c9a5-4d74-a94a-8b624416c49e:ae71ea29837b495198005c21c1326135
[W 12:08:14.115 NotebookApp] WebSocket ping timeout after 119935 ms.
[I 12:08:19.127 NotebookApp] Starting buffering for 2e5f24c5-c9a5-4d74-a94a-8b624416c49e:ae71ea29837b495198005c21c1326135
[I 13:11:09.655 NotebookApp] Adapting to protocol v5.1 for kernel 2e5f24c5-c9a5-4d74-a94a-8b624416c49e
[I 13:11:09.656 NotebookApp] Restoring connection for 2e5f24c5-c9a5-4d74-a94a-8b624416c49e:ae71ea29837b495198005c21c1326135
[I 13:48:29.308 NotebookApp] 302 GET / (39.110.212.75) 0.77ms
[I 14:02:05.735 NotebookApp] Starting buffering for 2e5f24c5-c9a5-4d74-a94a-8b624416c49e:ae71ea29837b495198005c21c1326135
[W 15:07:10.103 NotebookApp] 404 GET http://dx.doi.org/ (218.249.219.2) 3.13ms referer=None
[I 02:54:51.974 NotebookApp] 302 GET / (168.1.128.74) 0.79ms
[I 03:13:42.326 NotebookApp] 302 GET / (107.170.192.210) 0.71ms
[I 10:38:35.275 NotebookApp] 302 GET / (196.52.43.111) 0.90ms
[I 01:03:53.955 NotebookApp] 302 GET / (122.255.241.92) 0.73ms
[I 11:37:18.069 NotebookApp] 302 GET / (39.110.212.75) 0.82ms
[I 11:37:21.609 NotebookApp] Adapting to protocol v5.1 for kernel 2e5f24c5-c9a5-4d74-a94a-8b624416c49e
[I 11:37:34.010 NotebookApp] Starting buffering for 2e5f24c5-c9a5-4d74-a94a-8b624416c49e:5ff955dbe02c4ad08d7e90ad1f6fdd1c
[I 13:34:12.803 NotebookApp] 302 GET / (209.126.136.5) 0.77ms
[W 19:22:46.123 NotebookApp] 404 GET http://dx.doi.org/ (159.226.231.230) 3.50ms referer=None
[I 01:36:17.847 NotebookApp] 302 GET / (158.85.81.123) 0.73ms
[I 03:18:53.877 NotebookApp] 302 GET / (107.170.195.56) 0.70ms
[I 11:30:39.936 NotebookApp] 302 GET / (196.52.43.126) 0.92ms
